{"C:\\Users\\erok_\\WebstormProjects\\jest-start\\demo.js": {"path":"C:\\Users\\erok_\\WebstormProjects\\jest-start\\demo.js","all":false,"statementMap":{"0":{"start":{"line":1,"column":0},"end":{"line":1,"column":18}},"1":{"start":{"line":2,"column":0},"end":{"line":2,"column":33}},"2":{"start":{"line":3,"column":0},"end":{"line":3,"column":36}},"3":{"start":{"line":4,"column":0},"end":{"line":4,"column":39}},"4":{"start":{"line":5,"column":0},"end":{"line":5,"column":4}},"5":{"start":{"line":6,"column":0},"end":{"line":6,"column":0}},"6":{"start":{"line":7,"column":0},"end":{"line":7,"column":13}},"7":{"start":{"line":8,"column":0},"end":{"line":8,"column":17}},"8":{"start":{"line":9,"column":0},"end":{"line":9,"column":4}},"9":{"start":{"line":10,"column":0},"end":{"line":10,"column":0}},"10":{"start":{"line":11,"column":0},"end":{"line":11,"column":19}},"11":{"start":{"line":12,"column":0},"end":{"line":12,"column":24}},"12":{"start":{"line":13,"column":0},"end":{"line":13,"column":48}},"13":{"start":{"line":14,"column":0},"end":{"line":14,"column":5}},"14":{"start":{"line":15,"column":0},"end":{"line":15,"column":4}},"15":{"start":{"line":16,"column":0},"end":{"line":16,"column":2}}},"s":{"0":1,"1":1,"2":1,"3":1,"4":1,"5":1,"6":1,"7":3,"8":3,"9":1,"10":1,"11":2,"12":2,"13":2,"14":2,"15":1},"branchMap":{},"b":{},"fnMap":{"0":{"name":"joinParty","decl":{"start":{"line":2,"column":2},"end":{"line":5,"column":4}},"loc":{"start":{"line":2,"column":2},"end":{"line":5,"column":4}},"line":2},"1":{"name":"sum","decl":{"start":{"line":7,"column":2},"end":{"line":9,"column":4}},"loc":{"start":{"line":7,"column":2},"end":{"line":9,"column":4}},"line":7},"2":{"name":"checkUser","decl":{"start":{"line":11,"column":2},"end":{"line":15,"column":4}},"loc":{"start":{"line":11,"column":2},"end":{"line":15,"column":4}},"line":11}},"f":{"0":1,"1":3,"2":2}}
}
